0 info it worked if it ends with ok
1 verbose cli [
1 verbose cli   'C:\\Program Files\\nodejs\\node.exe',
1 verbose cli   'C:\\Users\\Alexander\\AppData\\Roaming\\npm\\node_modules\\npm\\bin\\npm-cli.js',
1 verbose cli   'update'
1 verbose cli ]
2 info using npm@3.10.10
3 info using node@v14.15.4
4 verbose stack TypeError: cb.apply is not a function
4 verbose stack     at C:\Users\Alexander\AppData\Roaming\npm\node_modules\npm\node_modules\graceful-fs\polyfills.js:267:18
4 verbose stack     at FSReqCallback.oncomplete (fs.js:184:5)
5 verbose cwd D:\OSPanel\domains\firebase-app
6 error Windows_NT 10.0.18363
7 error argv "C:\\Program Files\\nodejs\\node.exe" "C:\\Users\\Alexander\\AppData\\Roaming\\npm\\node_modules\\npm\\bin\\npm-cli.js" "update"
8 error node v14.15.4
9 error npm  v3.10.10
10 error cb.apply is not a function
11 error If you need help, you may report this error at:
11 error     <https://github.com/npm/npm/issues>
12 verbose exit [ 1, true ]
